<?xml version="1.0" encoding="UTF-8"?>
<robot generator="Robot 3.2.2 (Python 3.9.1 on win32)" generated="20210930 12:50:53.887" rpa="false">
<suite id="s1" name="ScrollTC &amp; VariableSample &amp; WebTableTC">
<suite id="s1-s1" name="ScrollTC" source="F:\Anandhi\workspace\robotframework\RFWSampleProject\parallelTests\ScrollTC.robot">
<test id="s1-s1-t1" name="Scroll Test">
<kw name="Open Browser" library="SeleniumLibrary">
<doc>Opens a new browser instance to the optional ``url``.</doc>
<arguments>
<arg>https://demo.opencart.com/</arg>
<arg>chrome</arg>
</arguments>
<msg timestamp="20210930 12:50:54.118" level="INFO">Opening browser 'chrome' to base url 'https://demo.opencart.com/'.</msg>
<status status="PASS" starttime="20210930 12:50:54.118" endtime="20210930 12:51:07.690"></status>
</kw>
<kw name="Maximize Browser Window" library="SeleniumLibrary">
<doc>Maximizes current browser window.</doc>
<status status="PASS" starttime="20210930 12:51:07.690" endtime="20210930 12:51:07.820"></status>
</kw>
<kw name="Sleep" library="BuiltIn">
<doc>Pauses the test executed for the given time.</doc>
<arguments>
<arg>5s</arg>
</arguments>
<msg timestamp="20210930 12:51:12.822" level="INFO">Slept 5 seconds</msg>
<status status="PASS" starttime="20210930 12:51:07.820" endtime="20210930 12:51:12.822"></status>
</kw>
<kw name="Execute Javascript" library="SeleniumLibrary">
<doc>Executes the given JavaScript code with possible arguments.</doc>
<arguments>
<arg>window.scrollTo(0,900)</arg>
</arguments>
<msg timestamp="20210930 12:51:12.826" level="INFO">Executing JavaScript:
window.scrollTo(0,900)
Without any arguments.</msg>
<status status="PASS" starttime="20210930 12:51:12.824" endtime="20210930 12:51:12.844"></status>
</kw>
<kw name="Sleep" library="BuiltIn">
<doc>Pauses the test executed for the given time.</doc>
<arguments>
<arg>3s</arg>
</arguments>
<msg timestamp="20210930 12:51:15.850" level="INFO">Slept 3 seconds</msg>
<status status="PASS" starttime="20210930 12:51:12.846" endtime="20210930 12:51:15.851"></status>
</kw>
<kw name="Scroll Element Into View" library="SeleniumLibrary">
<doc>Scrolls the element identified by ``locator`` into view.</doc>
<arguments>
<arg>id=cart</arg>
</arguments>
<status status="PASS" starttime="20210930 12:51:15.852" endtime="20210930 12:51:16.197"></status>
</kw>
<status status="PASS" starttime="20210930 12:50:54.117" endtime="20210930 12:51:16.198" critical="yes"></status>
</test>
<status status="PASS" starttime="20210930 12:50:53.911" endtime="20210930 12:51:16.201"></status>
</suite>
<suite id="s1-s2" name="VariableSample" source="F:\Anandhi\workspace\robotframework\RFWSampleProject\parallelTests\VariableSample.robot">
<test id="s1-s2-t1" name="Print Scalar Variable Values">
<kw name="Log" library="BuiltIn">
<doc>Logs the given message with the given level.</doc>
<arguments>
<arg>${BROWSER}</arg>
</arguments>
<msg timestamp="20210930 12:51:16.243" level="INFO">chrome</msg>
<status status="PASS" starttime="20210930 12:51:16.242" endtime="20210930 12:51:16.243"></status>
</kw>
<kw name="Log" library="BuiltIn">
<doc>Logs the given message with the given level.</doc>
<arguments>
<arg>This ${BROWSER} session has delay time of ${DELAY} Seconds</arg>
</arguments>
<msg timestamp="20210930 12:51:16.244" level="INFO">This chrome session has delay time of 5 Seconds</msg>
<status status="PASS" starttime="20210930 12:51:16.244" endtime="20210930 12:51:16.244"></status>
</kw>
<status status="PASS" starttime="20210930 12:51:16.242" endtime="20210930 12:51:16.244" critical="yes"></status>
</test>
<test id="s1-s2-t2" name="Using List">
<kw name="Create List" library="BuiltIn">
<doc>Returns a list containing given items.</doc>
<arguments>
<arg>John</arg>
<arg>Peter</arg>
<arg>aaa@gmail.com</arg>
<arg>9778655</arg>
</arguments>
<assign>
<var>@{userDetail}</var>
</assign>
<msg timestamp="20210930 12:51:16.247" level="INFO">@{userDetail} = [ John | Peter | aaa@gmail.com | 9778655 ]</msg>
<status status="PASS" starttime="20210930 12:51:16.246" endtime="20210930 12:51:16.247"></status>
</kw>
<kw name="Log Many" library="BuiltIn">
<doc>Logs the given messages as separate entries using the INFO level.</doc>
<arguments>
<arg>@{userDetail}</arg>
</arguments>
<msg timestamp="20210930 12:51:16.248" level="INFO">John</msg>
<msg timestamp="20210930 12:51:16.248" level="INFO">Peter</msg>
<msg timestamp="20210930 12:51:16.248" level="INFO">aaa@gmail.com</msg>
<msg timestamp="20210930 12:51:16.248" level="INFO">9778655</msg>
<status status="PASS" starttime="20210930 12:51:16.248" endtime="20210930 12:51:16.248"></status>
</kw>
<kw name="Log" library="BuiltIn">
<doc>Logs the given message with the given level.</doc>
<arguments>
<arg>"First Name : ",${userDetail}[1]</arg>
</arguments>
<msg timestamp="20210930 12:51:16.248" level="INFO">"First Name : ",Peter</msg>
<status status="PASS" starttime="20210930 12:51:16.248" endtime="20210930 12:51:16.248"></status>
</kw>
<kw name="Open Browser" library="SeleniumLibrary">
<doc>Opens a new browser instance to the optional ``url``.</doc>
<arguments>
<arg>https://www.demoblaze.com/#</arg>
<arg>chrome</arg>
</arguments>
<msg timestamp="20210930 12:51:16.249" level="INFO">Opening browser 'chrome' to base url 'https://www.demoblaze.com/#'.</msg>
<status status="PASS" starttime="20210930 12:51:16.249" endtime="20210930 12:51:21.337"></status>
</kw>
<kw name="Sleep" library="BuiltIn">
<doc>Pauses the test executed for the given time.</doc>
<arguments>
<arg>5s</arg>
</arguments>
<msg timestamp="20210930 12:51:26.340" level="INFO">Slept 5 seconds</msg>
<status status="PASS" starttime="20210930 12:51:21.337" endtime="20210930 12:51:26.340"></status>
</kw>
<kw name="Get WebElements" library="SeleniumLibrary">
<doc>Returns a list of WebElement objects matching the ``locator``.</doc>
<arguments>
<arg>xpath=//h4[@class='card-title']/a</arg>
</arguments>
<assign>
<var>@{elements_list}</var>
</assign>
<msg timestamp="20210930 12:51:26.354" level="INFO">@{elements_list} = [ &lt;selenium.webdriver.remote.webelement.WebElement (session="6b33ddc16f014d966d596be14a0decfd", element="6b90f679-25e9-4f5f-8a49-cd6bb6f4d458")&gt; | &lt;selenium.webdriver.remote.webelement.WebElement (ses...</msg>
<status status="PASS" starttime="20210930 12:51:26.340" endtime="20210930 12:51:26.354"></status>
</kw>
<kw name="Log Many" library="BuiltIn">
<doc>Logs the given messages as separate entries using the INFO level.</doc>
<arguments>
<arg>@{elements_list}</arg>
</arguments>
<msg timestamp="20210930 12:51:26.354" level="INFO">&lt;selenium.webdriver.remote.webelement.WebElement (session="6b33ddc16f014d966d596be14a0decfd", element="6b90f679-25e9-4f5f-8a49-cd6bb6f4d458")&gt;</msg>
<msg timestamp="20210930 12:51:26.354" level="INFO">&lt;selenium.webdriver.remote.webelement.WebElement (session="6b33ddc16f014d966d596be14a0decfd", element="c67fa8d1-2ec0-43ef-8e9a-199bab6c10d3")&gt;</msg>
<msg timestamp="20210930 12:51:26.354" level="INFO">&lt;selenium.webdriver.remote.webelement.WebElement (session="6b33ddc16f014d966d596be14a0decfd", element="5a81ff14-eb06-484a-885b-14c3e5f720bc")&gt;</msg>
<msg timestamp="20210930 12:51:26.354" level="INFO">&lt;selenium.webdriver.remote.webelement.WebElement (session="6b33ddc16f014d966d596be14a0decfd", element="377afcb4-3a34-4fe1-adb9-c442caf6f4a3")&gt;</msg>
<msg timestamp="20210930 12:51:26.354" level="INFO">&lt;selenium.webdriver.remote.webelement.WebElement (session="6b33ddc16f014d966d596be14a0decfd", element="879df003-0f4b-4bd2-b24d-3cd1c1bfcfcb")&gt;</msg>
<msg timestamp="20210930 12:51:26.354" level="INFO">&lt;selenium.webdriver.remote.webelement.WebElement (session="6b33ddc16f014d966d596be14a0decfd", element="4779c180-ddc3-4dc7-9390-89e020450a9f")&gt;</msg>
<msg timestamp="20210930 12:51:26.354" level="INFO">&lt;selenium.webdriver.remote.webelement.WebElement (session="6b33ddc16f014d966d596be14a0decfd", element="c7ffb6f5-1c0c-407c-b110-2f5f1e88beb1")&gt;</msg>
<msg timestamp="20210930 12:51:26.355" level="INFO">&lt;selenium.webdriver.remote.webelement.WebElement (session="6b33ddc16f014d966d596be14a0decfd", element="7be2ee8d-7b3d-4ac5-b3c6-6959a49d0211")&gt;</msg>
<msg timestamp="20210930 12:51:26.355" level="INFO">&lt;selenium.webdriver.remote.webelement.WebElement (session="6b33ddc16f014d966d596be14a0decfd", element="ac818365-e61c-463d-b9b2-b0167b61638b")&gt;</msg>
<status status="PASS" starttime="20210930 12:51:26.354" endtime="20210930 12:51:26.355"></status>
</kw>
<kw name="Close Browser" library="SeleniumLibrary">
<doc>Closes the current browser.</doc>
<status status="PASS" starttime="20210930 12:51:26.355" endtime="20210930 12:51:29.654"></status>
</kw>
<status status="PASS" starttime="20210930 12:51:16.245" endtime="20210930 12:51:29.655" critical="yes"></status>
</test>
<test id="s1-s2-t3" name="Using Dictionary">
<kw name="Create Dictionary" library="BuiltIn">
<doc>Creates and returns a dictionary based on the given ``items``.</doc>
<arguments>
<arg>a=10</arg>
<arg>b=20</arg>
<arg>c={30,40,50}</arg>
</arguments>
<assign>
<var>&amp;{dictItems}</var>
</assign>
<msg timestamp="20210930 12:51:29.658" level="INFO">&amp;{dictItems} = { a=10 | b=20 | c={30,40,50} }</msg>
<status status="PASS" starttime="20210930 12:51:29.657" endtime="20210930 12:51:29.658"></status>
</kw>
<kw name="Log" library="BuiltIn">
<doc>Logs the given message with the given level.</doc>
<arguments>
<arg>"Value of a",${dictItems.a}</arg>
</arguments>
<msg timestamp="20210930 12:51:29.659" level="INFO">"Value of a",10</msg>
<status status="PASS" starttime="20210930 12:51:29.658" endtime="20210930 12:51:29.659"></status>
</kw>
<kw name="Log To Console" library="BuiltIn">
<doc>Logs the given message to the console.</doc>
<arguments>
<arg>"Value of b",${dictItems}[b]</arg>
</arguments>
<status status="PASS" starttime="20210930 12:51:29.659" endtime="20210930 12:51:29.660"></status>
</kw>
<kw name="Log Many" library="BuiltIn">
<doc>Logs the given messages as separate entries using the INFO level.</doc>
<arguments>
<arg>"Items in Dictionary",&amp;{dictItems}</arg>
</arguments>
<msg timestamp="20210930 12:51:29.661" level="INFO">"Items in Dictionary",{'a': '10', 'b': '20', 'c': '{30,40,50}'}</msg>
<status status="PASS" starttime="20210930 12:51:29.661" endtime="20210930 12:51:29.661"></status>
</kw>
<kw name="Log Many" library="BuiltIn">
<doc>Logs the given messages as separate entries using the INFO level.</doc>
<arguments>
<arg>"Value of c",${dictItems}[c]</arg>
</arguments>
<msg timestamp="20210930 12:51:29.662" level="INFO">"Value of c",{30,40,50}</msg>
<status status="PASS" starttime="20210930 12:51:29.662" endtime="20210930 12:51:29.662"></status>
</kw>
<kw name="Log" library="BuiltIn">
<doc>Logs the given message with the given level.</doc>
<arguments>
<arg>"Item in c",${dictItems}[c][2]</arg>
</arguments>
<msg timestamp="20210930 12:51:29.662" level="INFO">"Item in c",0</msg>
<status status="PASS" starttime="20210930 12:51:29.662" endtime="20210930 12:51:29.663"></status>
</kw>
<kw name="Create Dictionary" library="BuiltIn">
<doc>Creates and returns a dictionary based on the given ``items``.</doc>
<arguments>
<arg>name=John</arg>
<arg>password=welcome123</arg>
</arguments>
<assign>
<var>&amp;{user}</var>
</assign>
<msg timestamp="20210930 12:51:29.663" level="INFO">&amp;{user} = { name=John | password=welcome123 }</msg>
<status status="PASS" starttime="20210930 12:51:29.663" endtime="20210930 12:51:29.663"></status>
</kw>
<kw name="Log" library="BuiltIn">
<doc>Logs the given message with the given level.</doc>
<arguments>
<arg>"UserName is :",${user}[name], "Password is :",${user.password}</arg>
</arguments>
<msg timestamp="20210930 12:51:29.664" level="INFO">"UserName is :",John, "Password is :",welcome123</msg>
<status status="PASS" starttime="20210930 12:51:29.663" endtime="20210930 12:51:29.664"></status>
</kw>
<kw name="Should Be Equal" library="BuiltIn">
<doc>Fails if the given objects are unequal.</doc>
<arguments>
<arg>${user}[name]</arg>
<arg>John</arg>
</arguments>
<status status="PASS" starttime="20210930 12:51:29.664" endtime="20210930 12:51:29.664"></status>
</kw>
<kw name="Create Dictionary" library="BuiltIn">
<doc>Creates and returns a dictionary based on the given ``items``.</doc>
<arguments>
<arg>book1={id=1, name=Robot}</arg>
<arg>book2={id=2, name=Python}</arg>
</arguments>
<assign>
<var>&amp;{books}</var>
</assign>
<msg timestamp="20210930 12:51:29.666" level="INFO">&amp;{books} = { book1={id=1, name=Robot} | book2={id=2, name=Python} }</msg>
<status status="PASS" starttime="20210930 12:51:29.665" endtime="20210930 12:51:29.666"></status>
</kw>
<kw name="Log" library="BuiltIn">
<doc>Logs the given message with the given level.</doc>
<arguments>
<arg>"List of books : ",${books}[book1]</arg>
</arguments>
<msg timestamp="20210930 12:51:29.666" level="INFO">"List of books : ",{id=1, name=Robot}</msg>
<status status="PASS" starttime="20210930 12:51:29.666" endtime="20210930 12:51:29.667"></status>
</kw>
<status status="PASS" starttime="20210930 12:51:29.656" endtime="20210930 12:51:29.667" critical="yes"></status>
</test>
<test id="s1-s2-t4" name="Using Environment Variable">
<kw name="Log To Console" library="BuiltIn">
<doc>Logs the given message to the console.</doc>
<arguments>
<arg>${url.dev}</arg>
</arguments>
<status status="PASS" starttime="20210930 12:51:29.669" endtime="20210930 12:51:29.673"></status>
</kw>
<kw name="Log To Console" library="BuiltIn">
<doc>Logs the given message to the console.</doc>
<arguments>
<arg>${url.${env}}</arg>
</arguments>
<status status="PASS" starttime="20210930 12:51:29.679" endtime="20210930 12:51:29.680"></status>
</kw>
<status status="PASS" starttime="20210930 12:51:29.668" endtime="20210930 12:51:29.681" critical="yes"></status>
</test>
<test id="s1-s2-t5" name="Environment variables">
<kw name="Log" library="BuiltIn">
<doc>Logs the given message with the given level.</doc>
<arguments>
<arg>Current user: %{USERNAME}</arg>
</arguments>
<msg timestamp="20210930 12:51:29.684" level="INFO">Current user: Anandhi</msg>
<status status="PASS" starttime="20210930 12:51:29.683" endtime="20210930 12:51:29.684"></status>
</kw>
<kw name="Run" library="OperatingSystem">
<doc>Runs the given command in the system and returns the output.</doc>
<arguments>
<arg>%{JAVA_HOME}${/}javac</arg>
</arguments>
<msg timestamp="20210930 12:51:29.693" level="INFO">Running command 'C:\Program Files\Java\jdk1.8.0_202\javac 2&gt;&amp;1'.</msg>
<status status="PASS" starttime="20210930 12:51:29.688" endtime="20210930 12:51:29.879"></status>
</kw>
<status status="PASS" starttime="20210930 12:51:29.683" endtime="20210930 12:51:29.880" critical="yes"></status>
</test>
<status status="PASS" starttime="20210930 12:51:16.205" endtime="20210930 12:51:29.882"></status>
</suite>
<suite id="s1-s3" name="WebTableTC" source="F:\Anandhi\workspace\robotframework\RFWSampleProject\parallelTests\WebTableTC.robot">
<test id="s1-s3-t1" name="WebTable Validations">
<kw name="Open Browser" library="SeleniumLibrary">
<doc>Opens a new browser instance to the optional ``url``.</doc>
<arguments>
<arg>https://www.seleniumeasy.com/test/table-sort-search-demo.html</arg>
<arg>chrome</arg>
</arguments>
<msg timestamp="20210930 12:51:29.890" level="INFO">Opening browser 'chrome' to base url 'https://www.seleniumeasy.com/test/table-sort-search-demo.html'.</msg>
<status status="PASS" starttime="20210930 12:51:29.890" endtime="20210930 12:51:35.651"></status>
</kw>
<kw name="Get Element Count" library="SeleniumLibrary">
<doc>Returns the number of elements matching ``locator``.</doc>
<arguments>
<arg>xpath=//table[@id='example']/tbody/tr</arg>
</arguments>
<assign>
<var>${row}</var>
</assign>
<msg timestamp="20210930 12:51:35.667" level="INFO">${row} = 10</msg>
<status status="PASS" starttime="20210930 12:51:35.652" endtime="20210930 12:51:35.667"></status>
</kw>
<kw name="Get Element Count" library="SeleniumLibrary">
<doc>Returns the number of elements matching ``locator``.</doc>
<arguments>
<arg>xpath=//table[@id='example']/thead/tr/th</arg>
</arguments>
<assign>
<var>${col}</var>
</assign>
<msg timestamp="20210930 12:51:35.679" level="INFO">${col} = 6</msg>
<status status="PASS" starttime="20210930 12:51:35.667" endtime="20210930 12:51:35.679"></status>
</kw>
<kw name="Log To Console" library="BuiltIn">
<doc>Logs the given message to the console.</doc>
<arguments>
<arg>"Number of Rows: ",${row}</arg>
</arguments>
<status status="PASS" starttime="20210930 12:51:35.679" endtime="20210930 12:51:35.680"></status>
</kw>
<kw name="Log To Console" library="BuiltIn">
<doc>Logs the given message to the console.</doc>
<arguments>
<arg>"Number of Col : ",${col}</arg>
</arguments>
<status status="PASS" starttime="20210930 12:51:35.684" endtime="20210930 12:51:35.685"></status>
</kw>
<kw name="Get Table Cell" library="SeleniumLibrary">
<doc>Returns contents of a table cell.</doc>
<arguments>
<arg>xpath=//table[@id='example']</arg>
<arg>4</arg>
<arg>3</arg>
</arguments>
<assign>
<var>${cellData}</var>
</assign>
<msg timestamp="20210930 12:51:35.799" level="INFO">${cellData} = Tokyo</msg>
<status status="PASS" starttime="20210930 12:51:35.687" endtime="20210930 12:51:35.799"></status>
</kw>
<kw name="Log To Console" library="BuiltIn">
<doc>Logs the given message to the console.</doc>
<arguments>
<arg>"Data in a cell(4,3): ",${cellData}</arg>
</arguments>
<status status="PASS" starttime="20210930 12:51:35.799" endtime="20210930 12:51:35.800"></status>
</kw>
<kw name="Table Cell Should Contain" library="SeleniumLibrary">
<doc>Verifies table cell contains text ``expected``.</doc>
<arguments>
<arg>xpath=//table[@id='example']</arg>
<arg>4</arg>
<arg>3</arg>
<arg>Tokyo</arg>
</arguments>
<msg timestamp="20210930 12:51:35.839" level="INFO">Table cell contains 'Tokyo'.</msg>
<status status="PASS" starttime="20210930 12:51:35.801" endtime="20210930 12:51:35.839"></status>
</kw>
<kw name="Table Column Should Contain" library="SeleniumLibrary">
<doc>Verifies table column contains text ``expected``.</doc>
<arguments>
<arg>xpath=//table[@id='example']</arg>
<arg>3</arg>
<arg>Office</arg>
</arguments>
<status status="PASS" starttime="20210930 12:51:35.839" endtime="20210930 12:51:35.888"></status>
</kw>
<kw name="Table Row Should Contain" library="SeleniumLibrary">
<doc>Verifies that table row contains text ``expected``.</doc>
<arguments>
<arg>xpath=//table[@id='example']</arg>
<arg>8</arg>
<arg>Edinburgh</arg>
</arguments>
<status status="PASS" starttime="20210930 12:51:35.889" endtime="20210930 12:51:35.928"></status>
</kw>
<kw name="Table Should Contain" library="SeleniumLibrary">
<doc>Verifies table contains text ``expected``.</doc>
<arguments>
<arg>xpath=//table[@id='example']</arg>
<arg>Marketing</arg>
</arguments>
<kw name="Capture Page Screenshot" library="SeleniumLibrary">
<doc>Takes a screenshot of the current page and embeds it into a log file.</doc>
<msg timestamp="20210930 12:51:37.450" level="INFO" html="yes">&lt;/td&gt;&lt;/tr&gt;&lt;tr&gt;&lt;td colspan="3"&gt;&lt;a href="selenium-screenshot-2.png"&gt;&lt;img src="selenium-screenshot-2.png" width="800px"&gt;&lt;/a&gt;</msg>
<status status="PASS" starttime="20210930 12:51:37.253" endtime="20210930 12:51:37.450"></status>
</kw>
<msg timestamp="20210930 12:51:37.519" level="FAIL">Table 'xpath=//table[@id='example']' did not contain text 'Marketing'.</msg>
<status status="FAIL" starttime="20210930 12:51:35.928" endtime="20210930 12:51:37.519"></status>
</kw>
<status status="FAIL" starttime="20210930 12:51:29.889" endtime="20210930 12:51:37.519" critical="yes">Table 'xpath=//table[@id='example']' did not contain text 'Marketing'.</status>
</test>
<status status="FAIL" starttime="20210930 12:51:29.885" endtime="20210930 12:51:37.522"></status>
</suite>
<status status="FAIL" starttime="20210930 12:50:53.888" endtime="20210930 12:51:37.524"></status>
</suite>
<statistics>
<total>
<stat pass="6" fail="1">Critical Tests</stat>
<stat pass="6" fail="1">All Tests</stat>
</total>
<tag>
</tag>
<suite>
<stat pass="6" fail="1" id="s1" name="ScrollTC &amp; VariableSample &amp; WebTableTC">ScrollTC &amp; VariableSample &amp; WebTableTC</stat>
<stat pass="1" fail="0" id="s1-s1" name="ScrollTC">ScrollTC &amp; VariableSample &amp; WebTableTC.ScrollTC</stat>
<stat pass="5" fail="0" id="s1-s2" name="VariableSample">ScrollTC &amp; VariableSample &amp; WebTableTC.VariableSample</stat>
<stat pass="0" fail="1" id="s1-s3" name="WebTableTC">ScrollTC &amp; VariableSample &amp; WebTableTC.WebTableTC</stat>
</suite>
</statistics>
<errors>
</errors>
</robot>
