<?xml version="1.0" encoding="UTF-8"?>
<robot generator="Robot 3.2.2 (Python 3.9.1 on win32)" generated="20210817 16:05:05.335" rpa="false">
<suite id="s1" name="SampleProcess" source="F:\Anandhi\workspace\robotframework\FirstSampleProj\testScripts\SampleProcess.robot">
<test id="s1-t1" name="Setting Variables">
<kw name="Run Process" library="Process">
<doc>Runs a process and waits for it to complete.</doc>
<arguments>
<arg>python</arg>
<arg>hello.py</arg>
</arguments>
<assign>
<var>${result}</var>
</assign>
<msg timestamp="20210817 16:05:05.377" level="INFO">Starting process:
python hello.py</msg>
<msg timestamp="20210817 16:05:05.381" level="INFO">Waiting for process to complete.</msg>
<msg timestamp="20210817 16:05:05.423" level="INFO">Process completed.</msg>
<msg timestamp="20210817 16:05:05.423" level="INFO">${result} = &lt;result object with rc 0&gt;</msg>
<status status="PASS" starttime="20210817 16:05:05.376" endtime="20210817 16:05:05.423"></status>
</kw>
<kw name="Should Be Equal As Integers" library="BuiltIn">
<doc>Fails if objects are unequal after converting them to integers.</doc>
<arguments>
<arg>${result.rc}</arg>
<arg>0</arg>
</arguments>
<msg timestamp="20210817 16:05:05.425" level="INFO">Argument types are:
&lt;class 'int'&gt;
&lt;type 'unicode'&gt;</msg>
<status status="PASS" starttime="20210817 16:05:05.424" endtime="20210817 16:05:05.425"></status>
</kw>
<kw name="Log To Console" library="BuiltIn">
<doc>Logs the given message to the console.</doc>
<arguments>
<arg>${result.stdout}</arg>
</arguments>
<status status="PASS" starttime="20210817 16:05:05.426" endtime="20210817 16:05:05.426"></status>
</kw>
<kw name="Should Be Equal As Strings" library="BuiltIn">
<doc>Fails if objects are unequal after converting them to strings.</doc>
<arguments>
<arg>${result.stdout}</arg>
<arg>Hello Welcome</arg>
</arguments>
<status status="PASS" starttime="20210817 16:05:05.427" endtime="20210817 16:05:05.427"></status>
</kw>
<status status="PASS" starttime="20210817 16:05:05.370" endtime="20210817 16:05:05.428" critical="yes"></status>
</test>
<status status="PASS" starttime="20210817 16:05:05.337" endtime="20210817 16:05:05.430"></status>
</suite>
<statistics>
<total>
<stat pass="1" fail="0">Critical Tests</stat>
<stat pass="1" fail="0">All Tests</stat>
</total>
<tag>
</tag>
<suite>
<stat pass="1" fail="0" id="s1" name="SampleProcess">SampleProcess</stat>
</suite>
</statistics>
<errors>
</errors>
</robot>
