<?xml version="1.0" encoding="UTF-8"?>
<robot generator="Robot 3.2.2 (Python 3.9.1 on win32)" generated="20210614 21:27:02.145" rpa="false">
<suite id="s1" name="VariableSample" source="F:\Anandhi\workspace\robotframework\FirstSampleProj\testScripts\VariableSample.robot">
<test id="s1-t1" name="Print Scalar Variable Values">
<kw name="Log" library="BuiltIn">
<doc>Logs the given message with the given level.</doc>
<arguments>
<arg>${BROWSER}</arg>
</arguments>
<msg timestamp="20210614 21:27:02.614" level="INFO">chrome</msg>
<status status="PASS" starttime="20210614 21:27:02.613" endtime="20210614 21:27:02.614"></status>
</kw>
<kw name="Log" library="BuiltIn">
<doc>Logs the given message with the given level.</doc>
<arguments>
<arg>This ${BROWSER} session has delay time of ${DELAY} Seconds</arg>
</arguments>
<msg timestamp="20210614 21:27:02.615" level="INFO">This chrome session has delay time of 5 Seconds</msg>
<status status="PASS" starttime="20210614 21:27:02.615" endtime="20210614 21:27:02.615"></status>
</kw>
<status status="PASS" starttime="20210614 21:27:02.612" endtime="20210614 21:27:02.616" critical="yes"></status>
</test>
<test id="s1-t2" name="Using List">
<kw name="Create List" library="BuiltIn">
<doc>Returns a list containing given items.</doc>
<arguments>
<arg>John</arg>
<arg>Peter</arg>
<arg>aaa@gmail.com</arg>
<arg>9778655</arg>
</arguments>
<assign>
<var>@{userDetail}</var>
</assign>
<msg timestamp="20210614 21:27:02.621" level="INFO">@{userDetail} = [ John | Peter | aaa@gmail.com | 9778655 ]</msg>
<status status="PASS" starttime="20210614 21:27:02.621" endtime="20210614 21:27:02.622"></status>
</kw>
<kw name="Log Many" library="BuiltIn">
<doc>Logs the given messages as separate entries using the INFO level.</doc>
<arguments>
<arg>@{userDetail}</arg>
</arguments>
<msg timestamp="20210614 21:27:02.626" level="INFO">John</msg>
<msg timestamp="20210614 21:27:02.626" level="INFO">Peter</msg>
<msg timestamp="20210614 21:27:02.626" level="INFO">aaa@gmail.com</msg>
<msg timestamp="20210614 21:27:02.626" level="INFO">9778655</msg>
<status status="PASS" starttime="20210614 21:27:02.625" endtime="20210614 21:27:02.626"></status>
</kw>
<kw name="Log" library="BuiltIn">
<doc>Logs the given message with the given level.</doc>
<arguments>
<arg>"First Name : ",${userDetail}[1]</arg>
</arguments>
<msg timestamp="20210614 21:27:02.627" level="INFO">"First Name : ",Peter</msg>
<status status="PASS" starttime="20210614 21:27:02.627" endtime="20210614 21:27:02.627"></status>
</kw>
<kw name="Open Browser" library="SeleniumLibrary">
<doc>Opens a new browser instance to the optional ``url``.</doc>
<arguments>
<arg>https://www.demoblaze.com/#</arg>
<arg>chrome</arg>
</arguments>
<msg timestamp="20210614 21:27:02.629" level="INFO">Opening browser 'chrome' to base url 'https://www.demoblaze.com/#'.</msg>
<status status="PASS" starttime="20210614 21:27:02.628" endtime="20210614 21:27:05.279"></status>
</kw>
<kw name="Sleep" library="BuiltIn">
<doc>Pauses the test executed for the given time.</doc>
<arguments>
<arg>5s</arg>
</arguments>
<msg timestamp="20210614 21:27:10.290" level="INFO">Slept 5 seconds</msg>
<status status="PASS" starttime="20210614 21:27:05.279" endtime="20210614 21:27:10.291"></status>
</kw>
<kw name="Get WebElements" library="SeleniumLibrary">
<doc>Returns a list of WebElement objects matching the ``locator``.</doc>
<arguments>
<arg>xpath=//h4[@class='card-title']/a</arg>
</arguments>
<assign>
<var>@{elements_list}</var>
</assign>
<msg timestamp="20210614 21:27:12.704" level="INFO">@{elements_list} = [ &lt;selenium.webdriver.remote.webelement.WebElement (session="aa6d7945f9943a746f9c8aa6ec081ec2", element="b75c8a07-d3c0-4178-8ddc-b2a4efae7f67")&gt; | &lt;selenium.webdriver.remote.webelement.WebElement (ses...</msg>
<status status="PASS" starttime="20210614 21:27:12.690" endtime="20210614 21:27:12.704"></status>
</kw>
<kw name="Log Many" library="BuiltIn">
<doc>Logs the given messages as separate entries using the INFO level.</doc>
<arguments>
<arg>@{elements_list}</arg>
</arguments>
<msg timestamp="20210614 21:27:12.705" level="INFO">&lt;selenium.webdriver.remote.webelement.WebElement (session="aa6d7945f9943a746f9c8aa6ec081ec2", element="b75c8a07-d3c0-4178-8ddc-b2a4efae7f67")&gt;</msg>
<msg timestamp="20210614 21:27:12.705" level="INFO">&lt;selenium.webdriver.remote.webelement.WebElement (session="aa6d7945f9943a746f9c8aa6ec081ec2", element="5080e81e-6b0a-4315-a1b1-2b3c31d5f5c2")&gt;</msg>
<msg timestamp="20210614 21:27:12.705" level="INFO">&lt;selenium.webdriver.remote.webelement.WebElement (session="aa6d7945f9943a746f9c8aa6ec081ec2", element="9b3789b0-d295-4205-afc5-3a12468bcde8")&gt;</msg>
<msg timestamp="20210614 21:27:12.705" level="INFO">&lt;selenium.webdriver.remote.webelement.WebElement (session="aa6d7945f9943a746f9c8aa6ec081ec2", element="c4c6d111-86b1-4666-bd4e-9ef468cbec9e")&gt;</msg>
<msg timestamp="20210614 21:27:12.705" level="INFO">&lt;selenium.webdriver.remote.webelement.WebElement (session="aa6d7945f9943a746f9c8aa6ec081ec2", element="725ffba5-133f-474f-9fb8-c61aefd892d0")&gt;</msg>
<msg timestamp="20210614 21:27:12.705" level="INFO">&lt;selenium.webdriver.remote.webelement.WebElement (session="aa6d7945f9943a746f9c8aa6ec081ec2", element="93984232-1651-455c-b350-5800d9a2e066")&gt;</msg>
<msg timestamp="20210614 21:27:12.705" level="INFO">&lt;selenium.webdriver.remote.webelement.WebElement (session="aa6d7945f9943a746f9c8aa6ec081ec2", element="beb1391a-bcdf-4f4f-a013-479f334de0cb")&gt;</msg>
<msg timestamp="20210614 21:27:12.705" level="INFO">&lt;selenium.webdriver.remote.webelement.WebElement (session="aa6d7945f9943a746f9c8aa6ec081ec2", element="9f3f1eaf-e9db-442e-aba3-8df7804d4e07")&gt;</msg>
<msg timestamp="20210614 21:27:12.705" level="INFO">&lt;selenium.webdriver.remote.webelement.WebElement (session="aa6d7945f9943a746f9c8aa6ec081ec2", element="ca4ae729-73d5-46d7-8a0c-96cd55eac87b")&gt;</msg>
<status status="PASS" starttime="20210614 21:27:12.705" endtime="20210614 21:27:12.705"></status>
</kw>
<kw name="Close Browser" library="SeleniumLibrary">
<doc>Closes the current browser.</doc>
<status status="PASS" starttime="20210614 21:27:12.706" endtime="20210614 21:27:14.905"></status>
</kw>
<status status="PASS" starttime="20210614 21:27:02.619" endtime="20210614 21:27:14.907" critical="yes"></status>
</test>
<test id="s1-t3" name="Using Dictionary">
<kw name="Create Dictionary" library="BuiltIn">
<doc>Creates and returns a dictionary based on the given ``items``.</doc>
<arguments>
<arg>a=10</arg>
<arg>b=20</arg>
<arg>c={30,40,50}</arg>
</arguments>
<assign>
<var>&amp;{dictItems}</var>
</assign>
<msg timestamp="20210614 21:27:14.916" level="INFO">&amp;{dictItems} = { a=10 | b=20 | c={30,40,50} }</msg>
<status status="PASS" starttime="20210614 21:27:14.914" endtime="20210614 21:27:14.916"></status>
</kw>
<kw name="Log" library="BuiltIn">
<doc>Logs the given message with the given level.</doc>
<arguments>
<arg>"Value of a",${dictItems.a}</arg>
</arguments>
<msg timestamp="20210614 21:27:14.918" level="INFO">"Value of a",10</msg>
<status status="PASS" starttime="20210614 21:27:14.917" endtime="20210614 21:27:14.918"></status>
</kw>
<kw name="Log To Console" library="BuiltIn">
<doc>Logs the given message to the console.</doc>
<arguments>
<arg>"Value of b",${dictItems}[b]</arg>
</arguments>
<status status="PASS" starttime="20210614 21:27:14.919" endtime="20210614 21:27:14.927"></status>
</kw>
<kw name="Log Many" library="BuiltIn">
<doc>Logs the given messages as separate entries using the INFO level.</doc>
<arguments>
<arg>"Items in Dictionary",&amp;{dictItems}</arg>
</arguments>
<msg timestamp="20210614 21:27:14.930" level="INFO">"Items in Dictionary",{'a': '10', 'b': '20', 'c': '{30,40,50}'}</msg>
<status status="PASS" starttime="20210614 21:27:14.928" endtime="20210614 21:27:14.930"></status>
</kw>
<kw name="Log Many" library="BuiltIn">
<doc>Logs the given messages as separate entries using the INFO level.</doc>
<arguments>
<arg>"Value of c",${dictItems}[c]</arg>
</arguments>
<msg timestamp="20210614 21:27:14.933" level="INFO">"Value of c",{30,40,50}</msg>
<status status="PASS" starttime="20210614 21:27:14.931" endtime="20210614 21:27:14.933"></status>
</kw>
<kw name="Log" library="BuiltIn">
<doc>Logs the given message with the given level.</doc>
<arguments>
<arg>"Item in c",${dictItems}[c][2]</arg>
</arguments>
<msg timestamp="20210614 21:27:14.935" level="INFO">"Item in c",0</msg>
<status status="PASS" starttime="20210614 21:27:14.934" endtime="20210614 21:27:14.935"></status>
</kw>
<kw name="Create Dictionary" library="BuiltIn">
<doc>Creates and returns a dictionary based on the given ``items``.</doc>
<arguments>
<arg>name=John</arg>
<arg>password=welcome123</arg>
</arguments>
<assign>
<var>&amp;{user}</var>
</assign>
<msg timestamp="20210614 21:27:14.944" level="INFO">&amp;{user} = { name=John | password=welcome123 }</msg>
<status status="PASS" starttime="20210614 21:27:14.943" endtime="20210614 21:27:14.944"></status>
</kw>
<kw name="Log" library="BuiltIn">
<doc>Logs the given message with the given level.</doc>
<arguments>
<arg>"UserName is :",${user}[name], "Password is :",${user.password}</arg>
</arguments>
<msg timestamp="20210614 21:27:14.946" level="INFO">"UserName is :",John, "Password is :",welcome123</msg>
<status status="PASS" starttime="20210614 21:27:14.945" endtime="20210614 21:27:14.947"></status>
</kw>
<kw name="Should Be Equal" library="BuiltIn">
<doc>Fails if the given objects are unequal.</doc>
<arguments>
<arg>${user}[name]</arg>
<arg>John</arg>
</arguments>
<status status="PASS" starttime="20210614 21:27:14.948" endtime="20210614 21:27:14.949"></status>
</kw>
<kw name="Create Dictionary" library="BuiltIn">
<doc>Creates and returns a dictionary based on the given ``items``.</doc>
<arguments>
<arg>book1={id=1, name=Robot}</arg>
<arg>book2={id=2, name=Python}</arg>
</arguments>
<assign>
<var>&amp;{books}</var>
</assign>
<msg timestamp="20210614 21:27:14.953" level="INFO">&amp;{books} = { book1={id=1, name=Robot} | book2={id=2, name=Python} }</msg>
<status status="PASS" starttime="20210614 21:27:14.952" endtime="20210614 21:27:14.953"></status>
</kw>
<kw name="Log" library="BuiltIn">
<doc>Logs the given message with the given level.</doc>
<arguments>
<arg>"List of books : ",${books}[book1]</arg>
</arguments>
<msg timestamp="20210614 21:27:14.955" level="INFO">"List of books : ",{id=1, name=Robot}</msg>
<status status="PASS" starttime="20210614 21:27:14.954" endtime="20210614 21:27:14.955"></status>
</kw>
<status status="PASS" starttime="20210614 21:27:14.912" endtime="20210614 21:27:14.957" critical="yes"></status>
</test>
<test id="s1-t4" name="Using Environment Variable">
<kw name="Log To Console" library="BuiltIn">
<doc>Logs the given message to the console.</doc>
<arguments>
<arg>${url.dev}</arg>
</arguments>
<status status="PASS" starttime="20210614 21:27:14.964" endtime="20210614 21:27:14.966"></status>
</kw>
<kw name="Log To Console" library="BuiltIn">
<doc>Logs the given message to the console.</doc>
<arguments>
<arg>${url.${env}}</arg>
</arguments>
<status status="PASS" starttime="20210614 21:27:14.976" endtime="20210614 21:27:14.978"></status>
</kw>
<status status="PASS" starttime="20210614 21:27:14.962" endtime="20210614 21:27:14.983" critical="yes"></status>
</test>
<test id="s1-t5" name="Environment variables">
<kw name="Log" library="BuiltIn">
<doc>Logs the given message with the given level.</doc>
<arguments>
<arg>Current user: %{USERNAME}</arg>
</arguments>
<msg timestamp="20210614 21:27:14.990" level="INFO">Current user: Anandhi</msg>
<status status="PASS" starttime="20210614 21:27:14.989" endtime="20210614 21:27:14.990"></status>
</kw>
<kw name="Run" library="OperatingSystem">
<doc>Runs the given command in the system and returns the output.</doc>
<arguments>
<arg>%{JAVA_HOME}${/}javac</arg>
</arguments>
<msg timestamp="20210614 21:27:15.001" level="INFO">Running command 'C:\Program Files\Java\jdk1.8.0_202\javac 2&gt;&amp;1'.</msg>
<status status="PASS" starttime="20210614 21:27:14.992" endtime="20210614 21:27:15.028"></status>
</kw>
<status status="PASS" starttime="20210614 21:27:14.988" endtime="20210614 21:27:15.030" critical="yes"></status>
</test>
<status status="PASS" starttime="20210614 21:27:02.149" endtime="20210614 21:27:15.036"></status>
</suite>
<statistics>
<total>
<stat pass="5" fail="0">Critical Tests</stat>
<stat pass="5" fail="0">All Tests</stat>
</total>
<tag>
</tag>
<suite>
<stat pass="5" fail="0" id="s1" name="VariableSample">VariableSample</stat>
</suite>
</statistics>
<errors>
</errors>
</robot>
